2018-02-23 15:00:27,996:INFO: Creating the datasets...
2018-02-23 15:11:23,135:INFO: Creating the datasets...
2018-02-23 15:11:23,295:INFO: Creating the model...
2018-02-23 15:11:24,941:INFO: Starting training for 10 epoch(s)
2018-02-23 15:11:32,550:INFO: Epoch 1/10
2018-02-23 15:11:43,364:INFO: - Train metrics: accuracy: 0.582 ; loss: 1.109
2018-02-23 15:11:45,847:INFO: - Eval metrics: accuracy: 0.287 ; loss: 3.209
2018-02-23 15:11:47,521:INFO: - Found new best accuracy, saving in experiments/base_model/best_weights/after-epoch-1
2018-02-23 15:11:47,522:INFO: Epoch 2/10
2018-02-23 15:11:57,559:INFO: - Train metrics: accuracy: 0.843 ; loss: 0.550
2018-02-23 15:11:59,919:INFO: - Eval metrics: accuracy: 0.699 ; loss: 0.710
2018-02-23 15:12:01,619:INFO: - Found new best accuracy, saving in experiments/base_model/best_weights/after-epoch-2
2018-02-23 15:12:01,620:INFO: Epoch 3/10
2018-02-23 15:12:11,752:INFO: - Train metrics: accuracy: 0.916 ; loss: 0.316
2018-02-23 15:12:14,060:INFO: - Eval metrics: accuracy: 0.875 ; loss: 0.401
2018-02-23 15:12:15,758:INFO: - Found new best accuracy, saving in experiments/base_model/best_weights/after-epoch-3
2018-02-23 15:12:15,759:INFO: Epoch 4/10
2018-02-23 15:12:26,417:INFO: - Train metrics: accuracy: 0.934 ; loss: 0.243
2018-02-23 15:12:30,342:INFO: - Eval metrics: accuracy: 0.833 ; loss: 0.434
2018-02-23 15:12:30,346:INFO: Epoch 5/10
2018-02-23 15:12:41,343:INFO: - Train metrics: accuracy: 0.965 ; loss: 0.161
2018-02-23 15:12:43,758:INFO: - Eval metrics: accuracy: 0.944 ; loss: 0.230
2018-02-23 15:12:45,348:INFO: - Found new best accuracy, saving in experiments/base_model/best_weights/after-epoch-5
2018-02-23 15:12:45,349:INFO: Epoch 6/10
2018-02-23 15:12:55,266:INFO: - Train metrics: accuracy: 0.985 ; loss: 0.103
2018-02-23 15:12:57,859:INFO: - Eval metrics: accuracy: 0.931 ; loss: 0.230
2018-02-23 15:12:57,861:INFO: Epoch 7/10
2018-02-23 15:13:09,174:INFO: - Train metrics: accuracy: 0.981 ; loss: 0.086
2018-02-23 15:13:11,758:INFO: - Eval metrics: accuracy: 0.944 ; loss: 0.210
2018-02-23 15:13:13,564:INFO: - Found new best accuracy, saving in experiments/base_model/best_weights/after-epoch-7
2018-02-23 15:13:13,564:INFO: Epoch 8/10
2018-02-23 15:13:23,766:INFO: - Train metrics: accuracy: 0.987 ; loss: 0.073
2018-02-23 15:13:26,042:INFO: - Eval metrics: accuracy: 0.958 ; loss: 0.178
2018-02-23 15:13:27,729:INFO: - Found new best accuracy, saving in experiments/base_model/best_weights/after-epoch-8
2018-02-23 15:13:27,729:INFO: Epoch 9/10
2018-02-23 15:13:39,505:INFO: - Train metrics: accuracy: 0.995 ; loss: 0.049
2018-02-23 15:13:42,376:INFO: - Eval metrics: accuracy: 0.931 ; loss: 0.209
2018-02-23 15:13:42,378:INFO: Epoch 10/10
2018-02-23 15:13:53,133:INFO: - Train metrics: accuracy: 0.993 ; loss: 0.043
2018-02-23 15:13:55,525:INFO: - Eval metrics: accuracy: 0.944 ; loss: 0.146
2018-02-23 17:30:48,887:INFO: Creating the datasets...
2018-02-23 17:31:07,068:INFO: Creating the datasets...
2018-02-23 17:31:20,766:INFO: Creating the datasets...
2018-02-23 17:31:22,710:INFO: Creating the model...
2018-02-23 17:31:24,919:INFO: Starting training for 10 epoch(s)
2018-02-23 17:31:40,996:INFO: Epoch 1/10
2018-02-23 17:32:48,184:INFO: Creating the datasets...
2018-02-23 17:33:41,843:INFO: Creating the datasets...
2018-02-23 17:33:45,573:INFO: Creating the model...
2018-02-23 17:33:47,797:INFO: Starting training for 10 epoch(s)
2018-02-23 17:33:59,679:INFO: Epoch 1/10
2018-02-23 17:51:04,172:INFO: Creating the datasets...
2018-02-23 17:51:06,388:INFO: Creating the model...
2018-02-23 17:51:17,485:INFO: Starting training for 10 epoch(s)
2018-02-23 17:51:53,681:INFO: Epoch 1/10
2018-02-23 17:54:05,470:INFO: Creating the datasets...
2018-02-23 17:55:38,544:INFO: Creating the datasets...
2018-02-23 17:55:40,216:INFO: Creating the model...
2018-02-23 17:55:41,994:INFO: Starting training for 10 epoch(s)
2018-02-23 17:55:52,532:INFO: Epoch 1/10
2018-02-23 18:19:58,733:INFO: Creating the datasets...
2018-02-23 18:20:03,679:INFO: Creating the model...
2018-02-23 18:20:05,118:INFO: Starting training for 10 epoch(s)
2018-02-23 18:20:14,440:INFO: Epoch 1/10
2018-02-23 18:50:55,922:INFO: Creating the datasets...
2018-02-23 18:50:59,629:INFO: Creating the model...
2018-02-23 18:51:03,070:INFO: Starting training for 10 epoch(s)
2018-02-23 18:51:15,470:INFO: Epoch 1/10
2018-02-23 19:14:42,704:INFO: Creating the datasets...
2018-02-23 19:14:44,342:INFO: Creating the model...
2018-02-23 19:14:45,731:INFO: Starting training for 10 epoch(s)
2018-02-23 19:14:54,728:INFO: Epoch 1/10
2018-02-23 19:16:51,241:INFO: Creating the datasets...
2018-02-23 19:16:51,413:INFO: Creating the model...
2018-02-23 19:16:52,721:INFO: Starting training for 10 epoch(s)
2018-02-23 19:16:59,500:INFO: Epoch 1/10
2018-02-23 19:18:37,152:INFO: Creating the datasets...
2018-02-23 19:18:37,300:INFO: Creating the model...
2018-02-23 19:18:39,009:INFO: Starting training for 10 epoch(s)
2018-02-23 19:18:45,708:INFO: Epoch 1/10
2018-02-23 19:19:00,857:INFO: - Train metrics: accuracy: 0.776 ; loss: 0.521
2018-02-23 19:19:03,241:INFO: - Eval metrics: accuracy: 0.809 ; loss: 0.541
2018-02-23 19:19:04,935:INFO: - Found new best accuracy, saving in experiments/base_model/best_weights/after-epoch-1
2018-02-23 19:19:04,935:INFO: Epoch 2/10
2018-02-23 19:19:20,316:INFO: - Train metrics: accuracy: 0.894 ; loss: 0.298
2018-02-23 19:19:22,355:INFO: - Eval metrics: accuracy: 0.908 ; loss: 0.291
2018-02-23 19:19:24,719:INFO: - Found new best accuracy, saving in experiments/base_model/best_weights/after-epoch-2
2018-02-23 19:19:24,721:INFO: Epoch 3/10
2018-02-23 19:19:41,829:INFO: - Train metrics: accuracy: 0.914 ; loss: 0.240
2018-02-23 19:19:44,101:INFO: - Eval metrics: accuracy: 0.943 ; loss: 0.162
2018-02-23 19:19:45,835:INFO: - Found new best accuracy, saving in experiments/base_model/best_weights/after-epoch-3
2018-02-23 19:19:45,836:INFO: Epoch 4/10
2018-02-23 19:20:00,923:INFO: - Train metrics: accuracy: 0.931 ; loss: 0.186
2018-02-23 19:20:02,872:INFO: - Eval metrics: accuracy: 0.950 ; loss: 0.188
2018-02-23 19:20:04,423:INFO: - Found new best accuracy, saving in experiments/base_model/best_weights/after-epoch-4
2018-02-23 19:20:04,424:INFO: Epoch 5/10
2018-02-23 19:20:17,609:INFO: - Train metrics: accuracy: 0.943 ; loss: 0.153
2018-02-23 19:20:19,509:INFO: - Eval metrics: accuracy: 0.936 ; loss: 0.149
2018-02-23 19:20:19,512:INFO: Epoch 6/10
2018-02-23 19:20:32,482:INFO: - Train metrics: accuracy: 0.963 ; loss: 0.116
2018-02-23 19:20:34,489:INFO: - Eval metrics: accuracy: 0.950 ; loss: 0.187
2018-02-23 19:20:35,959:INFO: - Found new best accuracy, saving in experiments/base_model/best_weights/after-epoch-6
2018-02-23 19:20:35,960:INFO: Epoch 7/10
2018-02-23 19:20:48,592:INFO: - Train metrics: accuracy: 0.975 ; loss: 0.095
2018-02-23 19:20:50,509:INFO: - Eval metrics: accuracy: 0.972 ; loss: 0.134
2018-02-23 19:20:52,006:INFO: - Found new best accuracy, saving in experiments/base_model/best_weights/after-epoch-7
2018-02-23 19:20:52,006:INFO: Epoch 8/10
2018-02-23 19:21:07,054:INFO: - Train metrics: accuracy: 0.978 ; loss: 0.080
2018-02-23 19:21:10,633:INFO: - Eval metrics: accuracy: 0.986 ; loss: 0.095
2018-02-23 19:21:13,405:INFO: - Found new best accuracy, saving in experiments/base_model/best_weights/after-epoch-8
2018-02-23 19:21:13,406:INFO: Epoch 9/10
2018-02-23 19:21:32,369:INFO: - Train metrics: accuracy: 0.980 ; loss: 0.063
2018-02-23 19:21:35,373:INFO: - Eval metrics: accuracy: 0.965 ; loss: 0.132
2018-02-23 19:21:35,374:INFO: Epoch 10/10
2018-02-23 19:21:54,653:INFO: - Train metrics: accuracy: 0.980 ; loss: 0.061
2018-02-23 19:21:57,540:INFO: - Eval metrics: accuracy: 0.979 ; loss: 0.121
2018-02-24 09:52:59,381:INFO: Creating the datasets...
2018-02-24 09:54:10,803:INFO: Creating the datasets...
2018-02-24 09:55:32,849:INFO: Creating the datasets...
2018-02-24 09:55:53,260:INFO: Creating the datasets...
2018-02-24 09:55:54,608:INFO: Creating the model...
2018-02-24 09:56:04,132:INFO: Creating the datasets...
2018-02-24 09:56:05,419:INFO: Creating the model...
2018-02-24 09:56:06,794:INFO: Starting training for 10 epoch(s)
2018-02-24 09:56:16,039:INFO: Epoch 1/10
2018-02-24 10:22:04,121:INFO: - Train metrics: accuracy: 0.933 ; loss: 0.201
2018-02-24 10:24:59,109:INFO: - Eval metrics: accuracy: 0.948 ; loss: 0.167
2018-02-24 10:25:01,151:INFO: - Found new best accuracy, saving in experiments/base_model/best_weights/after-epoch-1
2018-02-24 10:25:01,154:INFO: Epoch 2/10
2018-02-24 10:48:54,477:INFO: - Train metrics: accuracy: 0.958 ; loss: 0.129
2018-02-24 10:52:21,435:INFO: - Eval metrics: accuracy: 0.955 ; loss: 0.151
2018-02-24 10:52:24,254:INFO: - Found new best accuracy, saving in experiments/base_model/best_weights/after-epoch-2
2018-02-24 10:52:24,256:INFO: Epoch 3/10
2018-02-24 11:18:00,838:INFO: - Train metrics: accuracy: 0.968 ; loss: 0.100
2018-02-24 11:21:10,071:INFO: - Eval metrics: accuracy: 0.953 ; loss: 0.160
2018-02-24 11:21:10,075:INFO: Epoch 4/10
2018-02-24 12:24:26,851:INFO: Creating the datasets...
2018-02-24 12:26:07,816:INFO: Creating the datasets...
2018-02-24 12:27:15,048:INFO: Creating the datasets...
2018-02-24 12:28:15,303:INFO: Creating the datasets...
2018-02-24 12:28:32,354:INFO: Creating the datasets...
2018-02-24 12:28:33,576:INFO: Creating the model...
2018-02-24 12:28:43,311:INFO: Starting training for 10 epoch(s)
2018-02-24 12:29:14,526:INFO: Epoch 1/10
2018-02-24 12:52:03,994:INFO: - Train metrics: accuracy: 0.445 ; loss: 2.356
2018-02-24 12:53:56,017:INFO: - Eval metrics: accuracy: 0.592 ; loss: 1.659
2018-02-24 12:54:03,685:INFO: - Found new best accuracy, saving in experiments/base_model/best_weights/after-epoch-1
2018-02-24 12:54:03,687:INFO: Epoch 2/10
2018-02-24 13:14:06,809:INFO: - Train metrics: accuracy: 0.630 ; loss: 1.487
2018-02-24 13:15:46,970:INFO: - Eval metrics: accuracy: 0.631 ; loss: 1.464
2018-02-24 13:15:53,772:INFO: - Found new best accuracy, saving in experiments/base_model/best_weights/after-epoch-2
2018-02-24 13:15:53,773:INFO: Epoch 3/10
2018-02-24 13:35:38,507:INFO: - Train metrics: accuracy: 0.698 ; loss: 1.190
2018-02-24 13:37:13,279:INFO: - Eval metrics: accuracy: 0.710 ; loss: 1.158
2018-02-24 13:37:20,044:INFO: - Found new best accuracy, saving in experiments/base_model/best_weights/after-epoch-3
2018-02-24 13:37:20,047:INFO: Epoch 4/10
2018-02-24 13:57:09,236:INFO: - Train metrics: accuracy: 0.741 ; loss: 1.012
2018-02-24 13:58:45,318:INFO: - Eval metrics: accuracy: 0.719 ; loss: 1.121
2018-02-24 13:58:52,220:INFO: - Found new best accuracy, saving in experiments/base_model/best_weights/after-epoch-4
2018-02-24 13:58:52,222:INFO: Epoch 5/10
2018-02-24 14:18:33,303:INFO: - Train metrics: accuracy: 0.768 ; loss: 0.892
2018-02-24 14:20:08,153:INFO: - Eval metrics: accuracy: 0.733 ; loss: 1.070
2018-02-24 14:20:15,263:INFO: - Found new best accuracy, saving in experiments/base_model/best_weights/after-epoch-5
2018-02-24 14:20:15,264:INFO: Epoch 6/10
2018-02-24 14:39:56,021:INFO: - Train metrics: accuracy: 0.791 ; loss: 0.795
2018-02-24 14:41:37,972:INFO: - Eval metrics: accuracy: 0.715 ; loss: 1.163
2018-02-24 14:41:37,974:INFO: Epoch 7/10
2018-02-24 15:01:14,602:INFO: - Train metrics: accuracy: 0.809 ; loss: 0.716
2018-02-24 15:02:48,942:INFO: - Eval metrics: accuracy: 0.728 ; loss: 1.116
2018-02-24 15:02:48,943:INFO: Epoch 8/10
2018-02-24 15:22:25,529:INFO: - Train metrics: accuracy: 0.823 ; loss: 0.657
2018-02-24 15:24:02,652:INFO: - Eval metrics: accuracy: 0.742 ; loss: 1.068
2018-02-24 15:24:09,526:INFO: - Found new best accuracy, saving in experiments/base_model/best_weights/after-epoch-8
2018-02-24 15:24:09,528:INFO: Epoch 9/10
2018-02-24 15:43:58,195:INFO: - Train metrics: accuracy: 0.837 ; loss: 0.604
2018-02-24 15:45:32,241:INFO: - Eval metrics: accuracy: 0.756 ; loss: 1.023
2018-02-24 15:45:39,290:INFO: - Found new best accuracy, saving in experiments/base_model/best_weights/after-epoch-9
2018-02-24 15:45:39,291:INFO: Epoch 10/10
2018-02-24 16:05:08,886:INFO: - Train metrics: accuracy: 0.847 ; loss: 0.558
2018-02-24 16:06:55,893:INFO: - Eval metrics: accuracy: 0.755 ; loss: 1.041
